<?xml version="1.0" encoding="UTF-8"?>
<!-- Generated by org.testng.reporters.JUnitReportReporter -->
<testsuite hostname="DESKTOP-VRLUMPL" failures="0" tests="1" name="login_Suite.TC01_Login" time="10.649" errors="0" timestamp="2023-11-06T21:16:26 BOT" skipped="0">
  <testcase classname="login_Suite.TC01_Login" name="TC_01" time="10.649"/>
</testsuite> <!-- login_Suite.TC01_Login -->
